<?xml version="1.0" encoding="UTF-8"?>
<testng-results ignored="0" total="5" passed="4" failed="1" skipped="0">
  <reporter-output>
  </reporter-output>
  <suite started-at="2024-04-05T12:04:22 IST" name="Default suite" finished-at="2024-04-05T12:06:28 IST" duration-ms="126258">
    <groups>
    </groups>
    <test started-at="2024-04-05T12:04:22 IST" name="Default test" finished-at="2024-04-05T12:06:28 IST" duration-ms="126258">
      <class name="testng.mkt.FirstTestNg">
        <test-method signature="test_case_02()[pri:1, instance:testng.mkt.FirstTestNg@1cbbffcd]" started-at="2024-04-05T12:04:22 IST" name="test_case_02" finished-at="2024-04-05T12:04:47 IST" duration-ms="24879" status="PASS">
          <reporter-output>
          </reporter-output>
        </test-method> <!-- test_case_02 -->
        <test-method signature="test_case_01()[pri:2, instance:testng.mkt.FirstTestNg@1cbbffcd]" started-at="2024-04-05T12:04:47 IST" name="test_case_01" finished-at="2024-04-05T12:05:11 IST" duration-ms="24308" status="FAIL">
          <exception class="org.openqa.selenium.NoSuchElementException">
            <message>
              <![CDATA[no such element: Unable to locate element: {"method":"css selector","selector":"*[name='action']"}
  (Session info: chrome=123.0.6312.105)
For documentation on this error, please visit: https://www.selenium.dev/documentation/webdriver/troubleshooting/errors#no-such-element-exception
Build info: version: '4.18.1', revision: 'b1d3319b48'
System info: os.name: 'Windows 11', os.arch: 'amd64', os.version: '10.0', java.version: '21.0.2'
Driver info: org.openqa.selenium.chrome.ChromeDriver
Command: [3ada58e63a110bcb4f7df397604d79aa, findElement {using=name, value=action}]
Capabilities {acceptInsecureCerts: false, browserName: chrome, browserVersion: 123.0.6312.105, chrome: {chromedriverVersion: 123.0.6312.105 (399174dbe6e..., userDataDir: C:\Users\bharg\AppData\Loca...}, fedcm:accounts: true, goog:chromeOptions: {debuggerAddress: localhost:55049}, networkConnectionEnabled: false, pageLoadStrategy: normal, platformName: windows, proxy: Proxy(), se:cdp: ws://localhost:55049/devtoo..., se:cdpVersion: 123.0.6312.105, setWindowRect: true, strictFileInteractability: false, timeouts: {implicit: 0, pageLoad: 300000, script: 30000}, unhandledPromptBehavior: dismiss and notify, webauthn:extension:credBlob: true, webauthn:extension:largeBlob: true, webauthn:extension:minPinLength: true, webauthn:extension:prf: true, webauthn:virtualAuthenticators: true}
Session ID: 3ada58e63a110bcb4f7df397604d79aa]]>
            </message>
            <full-stacktrace>
              <![CDATA[org.openqa.selenium.NoSuchElementException: no such element: Unable to locate element: {"method":"css selector","selector":"*[name='action']"}
  (Session info: chrome=123.0.6312.105)
For documentation on this error, please visit: https://www.selenium.dev/documentation/webdriver/troubleshooting/errors#no-such-element-exception
Build info: version: '4.18.1', revision: 'b1d3319b48'
System info: os.name: 'Windows 11', os.arch: 'amd64', os.version: '10.0', java.version: '21.0.2'
Driver info: org.openqa.selenium.chrome.ChromeDriver
Command: [3ada58e63a110bcb4f7df397604d79aa, findElement {using=name, value=action}]
Capabilities {acceptInsecureCerts: false, browserName: chrome, browserVersion: 123.0.6312.105, chrome: {chromedriverVersion: 123.0.6312.105 (399174dbe6e..., userDataDir: C:\Users\bharg\AppData\Loca...}, fedcm:accounts: true, goog:chromeOptions: {debuggerAddress: localhost:55049}, networkConnectionEnabled: false, pageLoadStrategy: normal, platformName: windows, proxy: Proxy(), se:cdp: ws://localhost:55049/devtoo..., se:cdpVersion: 123.0.6312.105, setWindowRect: true, strictFileInteractability: false, timeouts: {implicit: 0, pageLoad: 300000, script: 30000}, unhandledPromptBehavior: dismiss and notify, webauthn:extension:credBlob: true, webauthn:extension:largeBlob: true, webauthn:extension:minPinLength: true, webauthn:extension:prf: true, webauthn:virtualAuthenticators: true}
Session ID: 3ada58e63a110bcb4f7df397604d79aa
at java.base/jdk.internal.reflect.DirectConstructorHandleAccessor.newInstance(DirectConstructorHandleAccessor.java:62)
at java.base/java.lang.reflect.Constructor.newInstanceWithCaller(Constructor.java:502)
at java.base/java.lang.reflect.Constructor.newInstance(Constructor.java:486)
at org.openqa.selenium.remote.ErrorCodec.decode(ErrorCodec.java:167)
at org.openqa.selenium.remote.codec.w3c.W3CHttpResponseCodec.decode(W3CHttpResponseCodec.java:138)
at org.openqa.selenium.remote.codec.w3c.W3CHttpResponseCodec.decode(W3CHttpResponseCodec.java:50)
at org.openqa.selenium.remote.HttpCommandExecutor.execute(HttpCommandExecutor.java:190)
at org.openqa.selenium.remote.service.DriverCommandExecutor.invokeExecute(DriverCommandExecutor.java:216)
at org.openqa.selenium.remote.service.DriverCommandExecutor.execute(DriverCommandExecutor.java:174)
at org.openqa.selenium.remote.RemoteWebDriver.execute(RemoteWebDriver.java:519)
at org.openqa.selenium.remote.ElementLocation$ElementFinder$2.findElement(ElementLocation.java:165)
at org.openqa.selenium.remote.ElementLocation.findElement(ElementLocation.java:66)
at org.openqa.selenium.remote.RemoteWebDriver.findElement(RemoteWebDriver.java:356)
at org.openqa.selenium.remote.RemoteWebDriver.findElement(RemoteWebDriver.java:350)
at testng.mkt.FirstTestNg.test_case_01(FirstTestNg.java:41)
at java.base/jdk.internal.reflect.DirectMethodHandleAccessor.invoke(DirectMethodHandleAccessor.java:103)
at java.base/java.lang.reflect.Method.invoke(Method.java:580)
at org.testng.internal.MethodInvocationHelper.invokeMethod(MethodInvocationHelper.java:133)
at org.testng.internal.TestInvoker.invokeMethod(TestInvoker.java:598)
at org.testng.internal.TestInvoker.invokeTestMethod(TestInvoker.java:173)
at org.testng.internal.MethodRunner.runInSequence(MethodRunner.java:46)
at org.testng.internal.TestInvoker$MethodInvocationAgent.invoke(TestInvoker.java:824)
at org.testng.internal.TestInvoker.invokeTestMethods(TestInvoker.java:146)
at org.testng.internal.TestMethodWorker.invokeTestMethods(TestMethodWorker.java:146)
at org.testng.internal.TestMethodWorker.run(TestMethodWorker.java:128)
at java.base/java.util.ArrayList.forEach(ArrayList.java:1596)
at org.testng.TestRunner.privateRun(TestRunner.java:794)
at org.testng.TestRunner.run(TestRunner.java:596)
at org.testng.SuiteRunner.runTest(SuiteRunner.java:377)
at org.testng.SuiteRunner.runSequentially(SuiteRunner.java:371)
at org.testng.SuiteRunner.privateRun(SuiteRunner.java:332)
at org.testng.SuiteRunner.run(SuiteRunner.java:276)
at org.testng.SuiteRunnerWorker.runSuite(SuiteRunnerWorker.java:53)
at org.testng.SuiteRunnerWorker.run(SuiteRunnerWorker.java:96)
at org.testng.TestNG.runSuitesSequentially(TestNG.java:1212)
at org.testng.TestNG.runSuitesLocally(TestNG.java:1134)
at org.testng.TestNG.runSuites(TestNG.java:1063)
at org.testng.TestNG.run(TestNG.java:1031)
at org.testng.remote.AbstractRemoteTestNG.run(AbstractRemoteTestNG.java:115)
at org.testng.remote.RemoteTestNG.initAndRun(RemoteTestNG.java:251)
at org.testng.remote.RemoteTestNG.main(RemoteTestNG.java:77)
]]>
            </full-stacktrace>
          </exception> <!-- org.openqa.selenium.NoSuchElementException -->
          <reporter-output>
          </reporter-output>
        </test-method> <!-- test_case_01 -->
        <test-method signature="test_case_03()[pri:3, instance:testng.mkt.FirstTestNg@1cbbffcd]" started-at="2024-04-05T12:05:11 IST" name="test_case_03" finished-at="2024-04-05T12:05:36 IST" duration-ms="24145" status="PASS">
          <reporter-output>
          </reporter-output>
        </test-method> <!-- test_case_03 -->
        <test-method signature="test_case_04()[pri:4, instance:testng.mkt.FirstTestNg@1cbbffcd]" started-at="2024-04-05T12:05:36 IST" name="test_case_04" finished-at="2024-04-05T12:05:59 IST" duration-ms="23682" status="PASS">
          <reporter-output>
          </reporter-output>
        </test-method> <!-- test_case_04 -->
        <test-method signature="test_case_05()[pri:5, instance:testng.mkt.FirstTestNg@1cbbffcd]" started-at="2024-04-05T12:05:59 IST" name="test_case_05" finished-at="2024-04-05T12:06:28 IST" duration-ms="29176" status="PASS">
          <reporter-output>
          </reporter-output>
        </test-method> <!-- test_case_05 -->
      </class> <!-- testng.mkt.FirstTestNg -->
    </test> <!-- Default test -->
  </suite> <!-- Default suite -->
</testng-results>
